
The following files have been resolved:
   org.eclipse.jetty:jetty-plus:jar:9.4.26.v20200117:compile
   org.eclipse.jetty:jetty-util:jar:9.4.26.v20200117:compile
   org.eclipse.jetty.websocket:websocket-common:jar:9.4.26.v20200117:compile
   org.eclipse.jetty:jetty-client:jar:9.4.26.v20200117:compile
   org.eclipse.jetty.websocket:websocket-server:jar:9.4.26.v20200117:compile
   org.ow2.asm:asm:jar:7.2:compile
   org.eclipse.jetty.websocket:websocket-api:jar:9.4.26.v20200117:compile
   org.eclipse.jetty.websocket:javax-websocket-server-impl:jar:9.4.26.v20200117:compile
   org.eclipse.jetty:jetty-webapp:jar:9.4.26.v20200117:compile
   javax.websocket:javax.websocket-client-api:jar:1.0:compile
   org.eclipse.jetty:jetty-servlet:jar:9.4.26.v20200117:compile
   org.eclipse.jetty:jetty-jndi:jar:9.4.26.v20200117:compile
   org.eclipse.jetty:jetty-io:jar:9.4.26.v20200117:compile
   javax.annotation:javax.annotation-api:jar:1.3:compile
   org.eclipse.jetty:jetty-http:jar:9.4.26.v20200117:compile
   org.eclipse.jetty:jetty-security:jar:9.4.26.v20200117:compile
   javax.servlet:javax.servlet-api:jar:3.1.0:compile
   org.ow2.asm:asm-analysis:jar:7.2:compile
   org.eclipse.jetty:jetty-xml:jar:9.4.26.v20200117:compile
   org.eclipse.jetty.websocket:javax-websocket-client-impl:jar:9.4.26.v20200117:compile
   org.ow2.asm:asm-tree:jar:7.2:compile
   javax.websocket:javax.websocket-api:jar:1.0:compile
   org.eclipse.jetty.websocket:websocket-servlet:jar:9.4.26.v20200117:compile
   org.ow2.asm:asm-commons:jar:7.2:compile
   org.eclipse.jetty.websocket:websocket-client:jar:9.4.26.v20200117:compile
   org.eclipse.jetty:jetty-server:jar:9.4.26.v20200117:compile
   org.eclipse.jetty:jetty-annotations:jar:9.4.26.v20200117:compile

